<?xml version="1.0" encoding="UTF-8"?>
<!-- Generated by org.testng.reporters.JUnitXMLReporter -->
<testsuite ignored="0" hostname="LAPTOP-M19S2UE7" failures="0" tests="4" name="Chrome" time="89.338" errors="0" timestamp="2022-10-31T00:41:58 IST">
  <testcase classname="com.test.jcpenny.CheckOutWithExistingUser" name="searchProductTest" time="20.115"/>
  <testcase classname="com.test.jcpenny.CheckOutWithGuestUser" name="CheckOutWithGuestUserTest" time="24.334"/>
  <testcase classname="com.test.jcpenny.CheckOutWithNewUser" name="checkOutWithNewUser" time="0.001"/>
  <testcase classname="com.test.jcpenny.SearchProduct" name="searchProductTest" time="8.672"/>
</testsuite> <!-- Chrome -->
