<?xml version="1.0" encoding="UTF-8"?>
<testng-results ignored="0" total="1" passed="1" failed="0" skipped="0">
  <reporter-output>
  </reporter-output>
  <suite started-at="2022-10-31T01:34:05 IST" name="Default suite" finished-at="2022-10-31T01:34:32 IST" duration-ms="26729">
    <groups>
    </groups>
    <test started-at="2022-10-31T01:34:05 IST" name="Default test" finished-at="2022-10-31T01:34:32 IST" duration-ms="26729">
      <class name="com.test.jcpenny.factory.CheckOutWithExistingUser">
        <test-method is-config="true" signature="beforeSetup()[pri:0, instance:com.test.jcpenny.factory.CheckOutWithExistingUser@70ed52de]" started-at="2022-10-31T01:34:05 IST" name="beforeSetup" finished-at="2022-10-31T01:34:15 IST" duration-ms="9459" status="PASS">
          <reporter-output>
          </reporter-output>
        </test-method> <!-- beforeSetup -->
        <test-method signature="searchProductTest()[pri:0, instance:com.test.jcpenny.factory.CheckOutWithExistingUser@70ed52de]" started-at="2022-10-31T01:34:15 IST" name="searchProductTest" finished-at="2022-10-31T01:34:31 IST" duration-ms="16280" status="PASS">
          <reporter-output>
          </reporter-output>
        </test-method> <!-- searchProductTest -->
        <test-method is-config="true" signature="tearDown()[pri:0, instance:com.test.jcpenny.factory.CheckOutWithExistingUser@70ed52de]" started-at="2022-10-31T01:34:31 IST" name="tearDown" finished-at="2022-10-31T01:34:32 IST" duration-ms="920" status="PASS">
          <reporter-output>
          </reporter-output>
        </test-method> <!-- tearDown -->
      </class> <!-- com.test.jcpenny.factory.CheckOutWithExistingUser -->
    </test> <!-- Default test -->
  </suite> <!-- Default suite -->
</testng-results>
